<?xml version="1.0" encoding="UTF-8" standalone="no"?><templates><template autoinsert="true" context="java" deleted="false" description="Insert an unimplemented TestNG test" enabled="true" name="test-unimplemented">${:import(org.testng.Assert, org.testng.annotations.Test)}@Test
public void ${test}() throws Exception {    
	// TODO ${user} - unimplemented test ${test}    
	Assert.fail("${test} is not implemented");
}
${cursor}</template></templates>